-----12-04-2017 @ 22:05:12 ------
schedule_cleanup_temp_users
-----12-04-2017 @ 22:05:12 ------
schedule_update_user_items
-----12-04-2017 @ 22:05:19 ------
schedule_cleanup_temp_users
-----12-04-2017 @ 22:05:19 ------
schedule_update_user_items
-----12-04-2017 @ 22:15:16 ------
schedule_update_user_items
-----12-04-2017 @ 22:25:16 ------
schedule_update_user_items
-----12-04-2017 @ 23:49:21 ------
schedule_update_user_items
-----12-05-2017 @ 00:28:25 ------
schedule_update_user_items
-----12-05-2017 @ 00:35:23 ------
schedule_update_user_items
-----12-05-2017 @ 00:45:59 ------
schedule_update_user_items
-----12-05-2017 @ 00:55:45 ------
schedule_update_user_items
-----12-05-2017 @ 01:05:25 ------
schedule_update_user_items
-----12-05-2017 @ 01:16:58 ------
schedule_update_user_items
-----12-05-2017 @ 01:25:33 ------
schedule_update_user_items
-----12-05-2017 @ 01:36:02 ------
schedule_update_user_items
-----12-05-2017 @ 01:47:20 ------
schedule_update_user_items
-----12-05-2017 @ 01:55:23 ------
schedule_update_user_items
-----12-05-2017 @ 02:05:25 ------
schedule_update_user_items
-----12-05-2017 @ 02:15:13 ------
schedule_update_user_items
-----12-05-2017 @ 03:44:57 ------
schedule_update_user_items
-----12-05-2017 @ 03:45:18 ------
schedule_update_user_items
-----12-05-2017 @ 03:55:17 ------
schedule_update_user_items
-----12-05-2017 @ 13:39:54 ------
schedule_update_user_items
-----12-05-2017 @ 16:13:18 ------
schedule_update_user_items
-----12-05-2017 @ 16:54:01 ------
schedule_update_user_items
-----12-05-2017 @ 16:55:25 ------
schedule_update_user_items
-----12-05-2017 @ 19:16:11 ------
schedule_update_user_items
-----12-05-2017 @ 19:25:16 ------
schedule_update_user_items
-----12-05-2017 @ 19:35:14 ------
schedule_update_user_items
-----12-05-2017 @ 19:35:31 ------
404: File /home/virtualclangov/public_html/av/wp-content/plugins/learnpress/inc/class-lp-page-controller.php, line #379
-----12-05-2017 @ 19:46:03 ------
schedule_update_user_items
-----12-05-2017 @ 19:55:13 ------
schedule_update_user_items
-----12-05-2017 @ 19:57:26 ------
404: File /home/virtualclangov/public_html/av/wp-content/plugins/learnpress/inc/class-lp-page-controller.php, line #379
-----12-05-2017 @ 20:05:32 ------
schedule_update_user_items
-----12-05-2017 @ 20:15:16 ------
schedule_update_user_items
-----12-05-2017 @ 20:21:25 ------
404: File /home/virtualclangov/public_html/av/wp-content/plugins/learnpress/inc/class-lp-page-controller.php, line #379
-----12-05-2017 @ 20:25:25 ------
schedule_update_user_items
-----12-05-2017 @ 20:35:15 ------
schedule_update_user_items
-----12-05-2017 @ 20:45:14 ------
schedule_update_user_items
-----12-05-2017 @ 20:47:22 ------
404: File /home/virtualclangov/public_html/av/wp-content/plugins/learnpress/inc/class-lp-page-controller.php, line #379
-----12-05-2017 @ 20:55:16 ------
schedule_update_user_items
-----12-05-2017 @ 21:05:15 ------
schedule_update_user_items
-----12-05-2017 @ 21:15:17 ------
schedule_update_user_items
-----12-05-2017 @ 21:25:15 ------
schedule_update_user_items
-----12-05-2017 @ 21:35:31 ------
schedule_update_user_items
-----12-05-2017 @ 22:08:12 ------
schedule_update_user_items
-----12-05-2017 @ 22:15:20 ------
schedule_update_user_items
-----12-06-2017 @ 05:20:57 ------
schedule_update_user_items
-----12-06-2017 @ 07:32:51 ------
schedule_update_user_items
-----12-06-2017 @ 09:49:59 ------
schedule_update_user_items
-----12-06-2017 @ 14:33:01 ------
schedule_update_user_items
-----12-06-2017 @ 14:52:22 ------
schedule_update_user_items
-----12-06-2017 @ 15:13:53 ------
schedule_update_user_items
-----12-06-2017 @ 15:15:23 ------
schedule_update_user_items
-----12-06-2017 @ 15:26:44 ------
schedule_update_user_items
-----12-06-2017 @ 15:35:49 ------
schedule_update_user_items
-----12-06-2017 @ 15:53:56 ------
schedule_update_user_items
-----12-06-2017 @ 15:57:10 ------
schedule_update_user_items
-----12-06-2017 @ 16:05:13 ------
schedule_update_user_items
-----12-06-2017 @ 16:15:19 ------
schedule_update_user_items
-----12-06-2017 @ 16:25:13 ------
schedule_update_user_items
-----12-06-2017 @ 16:35:50 ------
schedule_update_user_items
-----12-06-2017 @ 16:45:46 ------
schedule_update_user_items
-----12-06-2017 @ 16:55:18 ------
schedule_update_user_items
-----12-06-2017 @ 17:06:15 ------
schedule_update_user_items
-----12-06-2017 @ 17:16:20 ------
schedule_update_user_items
-----12-06-2017 @ 18:25:16 ------
schedule_update_user_items
-----12-06-2017 @ 18:35:17 ------
schedule_update_user_items
-----12-06-2017 @ 18:45:22 ------
schedule_update_user_items
-----12-06-2017 @ 18:55:27 ------
schedule_update_user_items
-----12-06-2017 @ 19:06:54 ------
schedule_update_user_items
-----12-06-2017 @ 19:18:57 ------
schedule_update_user_items
-----12-06-2017 @ 19:50:37 ------
schedule_update_user_items
-----12-06-2017 @ 20:04:53 ------
schedule_update_user_items
-----12-06-2017 @ 20:05:34 ------
schedule_update_user_items
-----12-06-2017 @ 20:17:52 ------
schedule_update_user_items
-----12-07-2017 @ 22:51:26 ------
schedule_update_user_items
-----12-15-2017 @ 15:48:51 ------
schedule_update_user_items
-----12-15-2017 @ 15:49:01 ------
schedule_cleanup_temp_users
-----12-15-2017 @ 16:57:50 ------
schedule_update_user_items
-----12-15-2017 @ 20:16:50 ------
schedule_update_user_items
-----12-19-2017 @ 15:04:01 ------
schedule_update_user_items
-----12-19-2017 @ 15:04:08 ------
schedule_cleanup_temp_users
-----12-26-2017 @ 15:25:52 ------
schedule_update_user_items
-----12-26-2017 @ 15:25:55 ------
schedule_cleanup_temp_users
-----12-28-2017 @ 20:07:01 ------
schedule_update_user_items
-----12-28-2017 @ 20:15:25 ------
schedule_update_user_items
-----01-24-2018 @ 19:20:47 ------
schedule_update_user_items
-----01-24-2018 @ 19:20:58 ------
schedule_cleanup_temp_users
-----01-24-2018 @ 19:25:44 ------
schedule_update_user_items
-----01-25-2018 @ 14:34:47 ------
schedule_update_user_items
-----01-25-2018 @ 14:35:23 ------
schedule_update_user_items
-----01-25-2018 @ 14:45:17 ------
schedule_update_user_items
-----01-25-2018 @ 14:55:41 ------
schedule_update_user_items
-----01-25-2018 @ 15:05:34 ------
schedule_update_user_items
-----01-25-2018 @ 15:15:17 ------
schedule_update_user_items
-----01-25-2018 @ 15:25:16 ------
schedule_update_user_items
-----01-25-2018 @ 15:35:39 ------
schedule_update_user_items
-----01-25-2018 @ 15:45:54 ------
schedule_update_user_items
-----01-25-2018 @ 15:55:54 ------
schedule_update_user_items
-----01-25-2018 @ 16:06:02 ------
schedule_update_user_items
-----01-25-2018 @ 16:16:07 ------
schedule_update_user_items
-----01-25-2018 @ 16:25:36 ------
schedule_update_user_items
-----01-25-2018 @ 16:35:31 ------
schedule_update_user_items
-----01-25-2018 @ 16:45:21 ------
schedule_update_user_items
-----01-25-2018 @ 16:56:17 ------
schedule_update_user_items
-----01-25-2018 @ 17:05:15 ------
schedule_update_user_items
-----01-25-2018 @ 17:15:21 ------
schedule_update_user_items
-----01-25-2018 @ 17:25:23 ------
schedule_update_user_items
-----01-25-2018 @ 18:34:47 ------
schedule_update_user_items
-----01-25-2018 @ 18:35:35 ------
schedule_update_user_items
-----01-25-2018 @ 18:45:18 ------
schedule_update_user_items
-----01-25-2018 @ 18:55:13 ------
schedule_update_user_items
-----01-25-2018 @ 19:05:40 ------
schedule_update_user_items
-----01-25-2018 @ 19:15:17 ------
schedule_update_user_items
-----01-25-2018 @ 19:25:20 ------
schedule_update_user_items
-----01-25-2018 @ 19:35:25 ------
schedule_update_user_items
-----01-25-2018 @ 19:45:14 ------
schedule_update_user_items
-----01-25-2018 @ 19:55:14 ------
schedule_update_user_items
-----01-25-2018 @ 20:06:38 ------
schedule_update_user_items
-----01-25-2018 @ 20:15:56 ------
schedule_update_user_items
-----01-25-2018 @ 20:25:23 ------
schedule_update_user_items
-----01-25-2018 @ 20:35:46 ------
schedule_update_user_items
-----01-25-2018 @ 20:45:29 ------
schedule_update_user_items
-----01-25-2018 @ 20:55:17 ------
schedule_update_user_items
-----01-25-2018 @ 21:05:14 ------
schedule_update_user_items
-----01-25-2018 @ 21:15:27 ------
schedule_update_user_items
-----01-25-2018 @ 21:25:13 ------
schedule_update_user_items
-----01-25-2018 @ 21:35:28 ------
schedule_update_user_items
-----01-25-2018 @ 21:45:21 ------
schedule_update_user_items
-----01-25-2018 @ 21:55:16 ------
schedule_update_user_items
-----01-25-2018 @ 22:05:12 ------
schedule_update_user_items
-----01-25-2018 @ 22:15:43 ------
schedule_update_user_items
-----01-25-2018 @ 22:25:26 ------
schedule_update_user_items
-----01-26-2018 @ 00:59:41 ------
schedule_update_user_items
-----01-26-2018 @ 01:05:27 ------
schedule_update_user_items
-----01-26-2018 @ 01:16:14 ------
schedule_update_user_items
-----01-26-2018 @ 01:26:24 ------
schedule_update_user_items
-----01-26-2018 @ 01:35:56 ------
schedule_update_user_items
-----01-26-2018 @ 01:47:30 ------
schedule_update_user_items
-----01-26-2018 @ 01:55:22 ------
schedule_update_user_items
-----01-26-2018 @ 02:05:26 ------
schedule_update_user_items
-----01-26-2018 @ 02:15:34 ------
schedule_update_user_items
-----01-26-2018 @ 02:25:27 ------
schedule_update_user_items
-----01-26-2018 @ 02:36:51 ------
schedule_update_user_items
-----01-26-2018 @ 13:26:34 ------
schedule_update_user_items
-----01-26-2018 @ 17:58:11 ------
schedule_update_user_items
-----01-26-2018 @ 20:59:03 ------
schedule_update_user_items
-----01-30-2018 @ 21:38:09 ------
schedule_update_user_items
-----01-30-2018 @ 21:38:12 ------
schedule_cleanup_temp_users
-----01-30-2018 @ 22:11:36 ------
schedule_update_user_items
-----01-31-2018 @ 18:41:07 ------
schedule_update_user_items
-----01-31-2018 @ 18:48:42 ------
schedule_update_user_items
-----01-31-2018 @ 18:55:29 ------
schedule_update_user_items
-----01-31-2018 @ 19:05:48 ------
schedule_update_user_items
-----01-31-2018 @ 19:15:18 ------
schedule_update_user_items
-----01-31-2018 @ 19:25:47 ------
schedule_update_user_items
-----01-31-2018 @ 19:32:16 ------
schedule_update_user_items
-----01-31-2018 @ 19:36:00 ------
schedule_update_user_items
-----01-31-2018 @ 19:44:01 ------
create_table
-----01-31-2018 @ 19:45:15 ------
schedule_update_user_items
-----01-31-2018 @ 19:55:15 ------
schedule_update_user_items
-----01-31-2018 @ 20:05:19 ------
schedule_update_user_items
-----01-31-2018 @ 20:15:40 ------
schedule_update_user_items
-----01-31-2018 @ 20:25:31 ------
schedule_update_user_items
-----01-31-2018 @ 20:35:36 ------
schedule_update_user_items
-----01-31-2018 @ 20:45:17 ------
schedule_update_user_items
-----01-31-2018 @ 20:45:33 ------
404: File /home/virtualcreagov/public_html/av/wp-content/plugins/learnpress/inc/class-lp-page-controller.php, line #397
-----01-31-2018 @ 20:55:32 ------
schedule_update_user_items
-----01-31-2018 @ 21:05:16 ------
schedule_update_user_items
-----01-31-2018 @ 21:15:33 ------
schedule_update_user_items
-----01-31-2018 @ 21:25:21 ------
schedule_update_user_items
-----01-31-2018 @ 21:36:42 ------
schedule_update_user_items
-----01-31-2018 @ 21:45:40 ------
schedule_update_user_items
-----01-31-2018 @ 21:55:41 ------
schedule_update_user_items
-----01-31-2018 @ 22:06:34 ------
schedule_update_user_items
-----02-01-2018 @ 17:19:57 ------
schedule_update_user_items
-----02-01-2018 @ 17:46:34 ------
schedule_update_user_items
-----02-01-2018 @ 17:57:34 ------
schedule_update_user_items
-----02-01-2018 @ 18:07:27 ------
schedule_update_user_items
-----02-01-2018 @ 20:55:43 ------
schedule_update_user_items
-----02-02-2018 @ 17:10:11 ------
schedule_update_user_items
-----02-02-2018 @ 17:17:01 ------
schedule_update_user_items
-----02-02-2018 @ 17:26:29 ------
schedule_update_user_items
-----02-02-2018 @ 19:22:01 ------
schedule_update_user_items
-----02-02-2018 @ 19:26:01 ------
schedule_update_user_items
-----02-02-2018 @ 19:48:58 ------
schedule_update_user_items
-----02-02-2018 @ 19:56:58 ------
schedule_update_user_items
-----02-02-2018 @ 20:05:58 ------
schedule_update_user_items
-----02-05-2018 @ 19:08:50 ------
schedule_update_user_items
-----02-05-2018 @ 19:33:23 ------
schedule_update_user_items
-----02-05-2018 @ 19:37:32 ------
schedule_update_user_items
-----02-05-2018 @ 19:53:44 ------
schedule_update_user_items
-----02-05-2018 @ 19:56:34 ------
schedule_update_user_items
-----02-05-2018 @ 20:05:40 ------
schedule_update_user_items
-----02-05-2018 @ 21:02:43 ------
schedule_update_user_items
-----02-05-2018 @ 21:05:47 ------
schedule_update_user_items
-----02-05-2018 @ 21:15:22 ------
schedule_update_user_items
-----02-05-2018 @ 21:25:16 ------
schedule_update_user_items
-----02-05-2018 @ 21:35:13 ------
schedule_update_user_items
-----02-05-2018 @ 21:45:17 ------
schedule_update_user_items
-----02-05-2018 @ 21:56:21 ------
schedule_update_user_items
-----02-05-2018 @ 22:05:27 ------
schedule_cleanup_temp_users
-----02-05-2018 @ 22:05:27 ------
schedule_update_user_items
-----02-05-2018 @ 22:15:37 ------
schedule_update_user_items
-----02-05-2018 @ 22:25:13 ------
schedule_update_user_items
-----02-06-2018 @ 01:05:31 ------
schedule_update_user_items
-----02-06-2018 @ 14:14:36 ------
schedule_update_user_items
-----02-06-2018 @ 15:30:50 ------
schedule_update_user_items
-----02-06-2018 @ 15:49:20 ------
schedule_update_user_items
-----02-06-2018 @ 15:56:43 ------
schedule_update_user_items
-----02-06-2018 @ 16:13:25 ------
schedule_update_user_items
-----02-06-2018 @ 16:15:27 ------
schedule_update_user_items
-----02-06-2018 @ 16:26:09 ------
schedule_update_user_items
-----02-06-2018 @ 17:24:38 ------
schedule_update_user_items
-----02-06-2018 @ 17:25:16 ------
schedule_update_user_items
-----02-06-2018 @ 18:24:24 ------
schedule_update_user_items
-----02-06-2018 @ 18:39:06 ------
schedule_update_user_items
-----02-06-2018 @ 19:59:32 ------
schedule_update_user_items
-----02-09-2018 @ 15:15:15 ------
schedule_update_user_items
-----02-09-2018 @ 15:25:28 ------
schedule_update_user_items
-----02-09-2018 @ 15:37:26 ------
schedule_update_user_items
-----02-09-2018 @ 15:46:09 ------
schedule_update_user_items
-----02-09-2018 @ 15:55:21 ------
schedule_update_user_items
-----02-09-2018 @ 16:06:00 ------
schedule_update_user_items
-----02-09-2018 @ 16:15:14 ------
schedule_update_user_items
-----02-09-2018 @ 16:25:39 ------
schedule_update_user_items
-----02-09-2018 @ 16:36:22 ------
schedule_update_user_items
-----02-09-2018 @ 16:45:16 ------
schedule_update_user_items
-----02-09-2018 @ 16:55:16 ------
schedule_update_user_items
-----02-09-2018 @ 17:06:03 ------
schedule_update_user_items
-----02-09-2018 @ 17:16:31 ------
schedule_update_user_items
-----02-09-2018 @ 17:25:17 ------
schedule_update_user_items
-----02-09-2018 @ 20:06:57 ------
schedule_update_user_items
-----02-09-2018 @ 20:15:16 ------
schedule_update_user_items
-----02-09-2018 @ 20:25:16 ------
schedule_update_user_items
-----02-09-2018 @ 20:35:13 ------
schedule_update_user_items
-----02-09-2018 @ 20:45:31 ------
schedule_update_user_items
-----02-09-2018 @ 20:55:17 ------
schedule_update_user_items
-----02-09-2018 @ 21:05:49 ------
schedule_update_user_items
-----02-09-2018 @ 21:15:49 ------
schedule_update_user_items
-----02-09-2018 @ 21:25:13 ------
schedule_update_user_items
-----02-09-2018 @ 21:35:29 ------
schedule_update_user_items
-----02-09-2018 @ 21:45:32 ------
schedule_update_user_items
-----02-09-2018 @ 21:55:37 ------
schedule_update_user_items
-----02-09-2018 @ 22:05:38 ------
schedule_update_user_items
-----02-12-2018 @ 16:12:35 ------
schedule_update_user_items
-----02-12-2018 @ 19:32:26 ------
schedule_update_user_items
-----02-12-2018 @ 19:35:35 ------
schedule_update_user_items
-----02-12-2018 @ 19:45:59 ------
schedule_update_user_items
-----02-12-2018 @ 19:55:15 ------
schedule_update_user_items
-----02-12-2018 @ 20:07:10 ------
schedule_update_user_items
-----02-12-2018 @ 20:15:14 ------
schedule_update_user_items
-----02-12-2018 @ 20:26:41 ------
schedule_update_user_items
-----02-12-2018 @ 20:54:06 ------
schedule_update_user_items
-----02-12-2018 @ 20:55:13 ------
schedule_update_user_items
-----02-13-2018 @ 15:05:10 ------
schedule_update_user_items
-----02-13-2018 @ 15:05:12 ------
schedule_cleanup_temp_users
-----02-13-2018 @ 15:05:41 ------
schedule_update_user_items
-----02-13-2018 @ 15:20:42 ------
schedule_update_user_items
-----02-13-2018 @ 15:25:14 ------
schedule_update_user_items
-----02-13-2018 @ 15:53:29 ------
schedule_update_user_items
-----02-13-2018 @ 16:09:46 ------
schedule_update_user_items
-----02-13-2018 @ 16:22:49 ------
schedule_update_user_items
-----02-13-2018 @ 16:32:34 ------
schedule_update_user_items
-----02-13-2018 @ 16:39:26 ------
schedule_update_user_items
-----02-13-2018 @ 17:01:28 ------
schedule_update_user_items
-----02-13-2018 @ 17:05:33 ------
schedule_update_user_items
-----02-13-2018 @ 17:20:20 ------
schedule_update_user_items
-----02-13-2018 @ 17:51:28 ------
schedule_update_user_items
-----02-13-2018 @ 17:56:28 ------
schedule_update_user_items
-----02-13-2018 @ 18:05:32 ------
schedule_update_user_items
-----02-13-2018 @ 18:44:22 ------
schedule_update_user_items
-----02-13-2018 @ 18:45:29 ------
schedule_update_user_items
-----02-13-2018 @ 19:01:36 ------
schedule_update_user_items
-----02-13-2018 @ 20:04:45 ------
schedule_update_user_items
-----02-13-2018 @ 20:05:32 ------
schedule_update_user_items
-----02-13-2018 @ 20:15:43 ------
schedule_update_user_items
-----02-13-2018 @ 21:05:05 ------
schedule_update_user_items
-----02-13-2018 @ 21:05:13 ------
schedule_update_user_items
-----02-13-2018 @ 21:15:37 ------
schedule_update_user_items
-----02-13-2018 @ 21:25:15 ------
schedule_update_user_items
-----02-13-2018 @ 21:35:15 ------
schedule_update_user_items
-----02-13-2018 @ 21:45:15 ------
schedule_update_user_items
-----02-13-2018 @ 21:55:19 ------
schedule_update_user_items
-----02-13-2018 @ 22:05:27 ------
schedule_update_user_items
-----02-13-2018 @ 22:15:43 ------
schedule_update_user_items
-----02-13-2018 @ 22:25:33 ------
schedule_update_user_items
-----02-13-2018 @ 22:35:23 ------
schedule_update_user_items
-----02-13-2018 @ 22:45:31 ------
schedule_update_user_items
-----02-13-2018 @ 22:56:07 ------
schedule_update_user_items
-----02-14-2018 @ 16:16:27 ------
schedule_update_user_items
-----02-14-2018 @ 16:26:25 ------
schedule_update_user_items
-----02-14-2018 @ 16:35:14 ------
schedule_update_user_items
-----02-14-2018 @ 16:46:07 ------
schedule_update_user_items
-----02-14-2018 @ 16:55:42 ------
schedule_update_user_items
-----02-14-2018 @ 17:05:46 ------
schedule_update_user_items
-----02-14-2018 @ 17:15:41 ------
schedule_update_user_items
-----02-14-2018 @ 17:25:45 ------
schedule_update_user_items
-----02-14-2018 @ 17:35:49 ------
schedule_update_user_items
-----02-14-2018 @ 17:45:54 ------
schedule_update_user_items
-----02-14-2018 @ 17:55:58 ------
schedule_update_user_items
-----02-14-2018 @ 18:06:03 ------
schedule_update_user_items
-----02-14-2018 @ 18:20:15 ------
schedule_update_user_items
-----02-14-2018 @ 18:45:16 ------
schedule_update_user_items
-----02-14-2018 @ 18:55:13 ------
schedule_update_user_items
-----02-14-2018 @ 19:05:49 ------
schedule_update_user_items
-----02-14-2018 @ 19:16:24 ------
schedule_update_user_items
-----02-14-2018 @ 19:25:40 ------
schedule_update_user_items
-----02-14-2018 @ 19:35:21 ------
schedule_update_user_items
-----02-14-2018 @ 19:45:18 ------
schedule_update_user_items
-----02-14-2018 @ 19:56:30 ------
schedule_update_user_items
-----02-14-2018 @ 20:06:07 ------
schedule_update_user_items
-----02-14-2018 @ 20:17:00 ------
schedule_update_user_items
-----02-14-2018 @ 20:26:08 ------
schedule_update_user_items
-----02-14-2018 @ 20:35:18 ------
schedule_update_user_items
-----02-14-2018 @ 20:45:53 ------
schedule_update_user_items
-----02-14-2018 @ 20:56:08 ------
schedule_update_user_items
-----02-14-2018 @ 21:05:32 ------
schedule_update_user_items
-----02-14-2018 @ 21:15:22 ------
schedule_update_user_items
-----02-14-2018 @ 21:25:19 ------
schedule_update_user_items
-----02-14-2018 @ 21:35:23 ------
schedule_update_user_items
-----02-14-2018 @ 21:45:48 ------
schedule_update_user_items
-----02-14-2018 @ 21:56:07 ------
schedule_update_user_items
-----02-14-2018 @ 22:05:59 ------
schedule_update_user_items
-----02-14-2018 @ 22:16:27 ------
schedule_update_user_items
-----02-14-2018 @ 22:25:21 ------
schedule_update_user_items
-----02-14-2018 @ 22:35:56 ------
schedule_update_user_items
-----02-14-2018 @ 22:45:15 ------
schedule_update_user_items
-----02-15-2018 @ 15:59:20 ------
schedule_update_user_items
-----02-15-2018 @ 16:05:42 ------
schedule_update_user_items
-----02-15-2018 @ 16:15:42 ------
schedule_update_user_items
-----02-15-2018 @ 16:25:34 ------
schedule_update_user_items
-----02-15-2018 @ 16:36:24 ------
schedule_update_user_items
-----02-15-2018 @ 16:45:16 ------
schedule_update_user_items
-----02-15-2018 @ 16:55:38 ------
schedule_update_user_items
-----02-15-2018 @ 17:05:14 ------
schedule_update_user_items
-----02-15-2018 @ 19:27:52 ------
schedule_update_user_items
-----02-15-2018 @ 19:35:42 ------
schedule_update_user_items
-----02-15-2018 @ 19:45:53 ------
schedule_update_user_items
-----02-15-2018 @ 19:55:36 ------
schedule_update_user_items
-----02-15-2018 @ 20:05:21 ------
schedule_update_user_items
-----02-15-2018 @ 20:16:00 ------
schedule_update_user_items
-----02-15-2018 @ 20:25:13 ------
schedule_update_user_items
-----02-15-2018 @ 20:35:21 ------
schedule_update_user_items
-----02-15-2018 @ 20:46:03 ------
schedule_update_user_items
-----02-15-2018 @ 20:55:42 ------
schedule_update_user_items
-----02-15-2018 @ 21:05:26 ------
schedule_update_user_items
-----02-15-2018 @ 21:15:35 ------
schedule_update_user_items
-----02-15-2018 @ 21:25:35 ------
schedule_update_user_items
-----02-15-2018 @ 21:35:49 ------
schedule_update_user_items
-----02-15-2018 @ 21:45:26 ------
schedule_update_user_items
-----02-15-2018 @ 21:55:23 ------
schedule_update_user_items
-----02-15-2018 @ 22:06:09 ------
schedule_update_user_items
-----02-15-2018 @ 22:16:14 ------
schedule_update_user_items
-----02-15-2018 @ 22:26:15 ------
schedule_update_user_items
-----02-16-2018 @ 15:02:54 ------
schedule_update_user_items
-----02-16-2018 @ 15:05:18 ------
schedule_update_user_items
-----02-16-2018 @ 15:16:00 ------
schedule_update_user_items
-----02-16-2018 @ 15:37:03 ------
schedule_update_user_items
-----02-16-2018 @ 15:51:36 ------
schedule_update_user_items
-----02-16-2018 @ 15:58:25 ------
schedule_update_user_items
-----02-16-2018 @ 16:05:37 ------
schedule_update_user_items
-----02-16-2018 @ 16:15:25 ------
schedule_update_user_items
-----02-16-2018 @ 16:42:40 ------
schedule_update_user_items
-----02-16-2018 @ 16:45:17 ------
schedule_update_user_items
-----02-16-2018 @ 16:55:16 ------
schedule_update_user_items
-----02-16-2018 @ 17:05:19 ------
schedule_update_user_items
-----02-16-2018 @ 17:15:19 ------
schedule_update_user_items
-----02-16-2018 @ 19:34:05 ------
schedule_update_user_items
-----02-16-2018 @ 19:35:52 ------
schedule_update_user_items
-----02-16-2018 @ 19:45:53 ------
schedule_update_user_items
-----02-16-2018 @ 19:55:22 ------
schedule_update_user_items
-----02-16-2018 @ 20:05:39 ------
schedule_update_user_items
-----02-16-2018 @ 20:23:10 ------
schedule_update_user_items
-----02-16-2018 @ 20:25:15 ------
schedule_update_user_items
-----02-16-2018 @ 20:36:25 ------
schedule_update_user_items
-----02-16-2018 @ 20:46:26 ------
schedule_update_user_items
-----02-16-2018 @ 20:56:26 ------
schedule_update_user_items
-----02-16-2018 @ 21:05:43 ------
schedule_update_user_items
-----02-16-2018 @ 21:16:25 ------
schedule_update_user_items
-----02-16-2018 @ 21:26:26 ------
schedule_update_user_items
-----02-16-2018 @ 21:36:26 ------
schedule_update_user_items
-----02-16-2018 @ 21:46:26 ------
schedule_update_user_items
-----02-16-2018 @ 21:56:26 ------
schedule_update_user_items
-----02-16-2018 @ 22:06:26 ------
schedule_update_user_items
-----02-19-2018 @ 14:21:31 ------
schedule_update_user_items
-----02-19-2018 @ 14:26:24 ------
schedule_update_user_items
-----02-19-2018 @ 14:35:26 ------
schedule_update_user_items
-----02-19-2018 @ 14:45:13 ------
schedule_update_user_items
-----02-19-2018 @ 15:18:52 ------
schedule_update_user_items
-----02-19-2018 @ 15:29:54 ------
schedule_update_user_items
-----02-19-2018 @ 15:47:05 ------
schedule_update_user_items
-----02-19-2018 @ 15:59:55 ------
schedule_update_user_items
-----02-19-2018 @ 16:48:31 ------
schedule_update_user_items
-----02-19-2018 @ 23:20:36 ------
schedule_update_user_items
-----02-19-2018 @ 23:20:39 ------
schedule_cleanup_temp_users
-----02-20-2018 @ 14:37:49 ------
schedule_update_user_items
-----02-20-2018 @ 14:58:28 ------
schedule_update_user_items
-----02-20-2018 @ 15:09:29 ------
schedule_update_user_items
-----02-20-2018 @ 15:37:27 ------
schedule_update_user_items
-----02-20-2018 @ 15:45:19 ------
schedule_update_user_items
-----02-20-2018 @ 16:20:43 ------
schedule_update_user_items
-----02-20-2018 @ 16:35:31 ------
schedule_update_user_items
-----02-20-2018 @ 16:46:31 ------
schedule_update_user_items
-----02-22-2018 @ 19:39:43 ------
schedule_update_user_items
-----02-22-2018 @ 19:54:27 ------
schedule_update_user_items
-----02-22-2018 @ 19:55:21 ------
schedule_update_user_items
-----02-22-2018 @ 20:05:44 ------
schedule_update_user_items
-----02-22-2018 @ 20:15:13 ------
schedule_update_user_items
-----02-22-2018 @ 20:26:11 ------
schedule_update_user_items
-----02-22-2018 @ 20:35:15 ------
schedule_update_user_items
-----02-22-2018 @ 20:45:42 ------
schedule_update_user_items
-----02-22-2018 @ 20:55:18 ------
schedule_update_user_items
-----02-22-2018 @ 21:06:38 ------
schedule_update_user_items
-----02-22-2018 @ 21:16:38 ------
schedule_update_user_items
-----02-22-2018 @ 21:26:38 ------
schedule_update_user_items
-----02-22-2018 @ 21:35:27 ------
schedule_update_user_items
-----02-22-2018 @ 21:45:49 ------
schedule_update_user_items
-----02-22-2018 @ 21:55:19 ------
schedule_update_user_items
-----02-22-2018 @ 22:05:50 ------
schedule_update_user_items
-----02-22-2018 @ 22:15:25 ------
schedule_update_user_items
-----02-23-2018 @ 15:29:23 ------
schedule_update_user_items
-----02-23-2018 @ 15:40:33 ------
schedule_update_user_items
-----02-23-2018 @ 16:25:25 ------
schedule_update_user_items
-----02-23-2018 @ 16:35:33 ------
schedule_update_user_items
-----02-23-2018 @ 16:45:15 ------
schedule_update_user_items
-----02-23-2018 @ 16:55:22 ------
schedule_update_user_items
-----02-23-2018 @ 17:05:16 ------
schedule_update_user_items
-----02-23-2018 @ 17:15:30 ------
schedule_update_user_items
-----02-23-2018 @ 19:33:26 ------
schedule_update_user_items
-----02-23-2018 @ 19:35:22 ------
schedule_update_user_items
-----02-23-2018 @ 19:47:04 ------
schedule_update_user_items
-----02-23-2018 @ 19:56:56 ------
schedule_update_user_items
-----02-23-2018 @ 20:06:56 ------
schedule_update_user_items
-----02-23-2018 @ 20:16:02 ------
schedule_update_user_items
-----02-23-2018 @ 20:26:56 ------
schedule_update_user_items
-----02-23-2018 @ 20:36:56 ------
schedule_update_user_items
-----02-23-2018 @ 20:46:56 ------
schedule_update_user_items
-----02-23-2018 @ 20:56:56 ------
schedule_update_user_items
-----02-23-2018 @ 21:06:56 ------
schedule_update_user_items
-----02-26-2018 @ 20:14:31 ------
schedule_update_user_items
-----02-26-2018 @ 20:15:19 ------
schedule_update_user_items
-----02-27-2018 @ 20:28:10 ------
schedule_update_user_items
-----02-27-2018 @ 20:28:12 ------
schedule_cleanup_temp_users
-----02-28-2018 @ 16:14:34 ------
schedule_update_user_items
-----02-28-2018 @ 16:34:16 ------
schedule_update_user_items
-----02-28-2018 @ 16:35:14 ------
schedule_update_user_items
-----03-01-2018 @ 13:21:11 ------
schedule_update_user_items
-----03-01-2018 @ 13:38:26 ------
schedule_update_user_items
-----03-01-2018 @ 13:45:13 ------
schedule_update_user_items
-----03-01-2018 @ 14:45:55 ------
schedule_update_user_items
-----03-01-2018 @ 17:58:41 ------
schedule_update_user_items
-----03-01-2018 @ 18:35:27 ------
schedule_update_user_items
-----03-01-2018 @ 18:45:38 ------
schedule_update_user_items
-----03-01-2018 @ 19:03:45 ------
schedule_update_user_items
-----03-01-2018 @ 19:05:24 ------
schedule_update_user_items
-----03-02-2018 @ 17:13:18 ------
schedule_update_user_items
-----03-02-2018 @ 17:27:47 ------
schedule_update_user_items
-----03-02-2018 @ 17:36:39 ------
schedule_update_user_items
-----03-06-2018 @ 14:19:01 ------
schedule_update_user_items
-----03-06-2018 @ 14:19:06 ------
schedule_cleanup_temp_users
-----03-06-2018 @ 14:26:50 ------
schedule_update_user_items
-----03-06-2018 @ 14:44:35 ------
schedule_update_user_items
-----03-06-2018 @ 14:48:47 ------
schedule_update_user_items
-----03-06-2018 @ 15:00:36 ------
schedule_update_user_items
-----03-06-2018 @ 15:12:09 ------
schedule_update_user_items
-----03-06-2018 @ 15:53:43 ------
schedule_update_user_items
-----03-06-2018 @ 15:55:40 ------
schedule_update_user_items
-----03-06-2018 @ 16:05:15 ------
schedule_update_user_items
-----03-06-2018 @ 16:15:41 ------
schedule_update_user_items
-----03-06-2018 @ 16:25:14 ------
schedule_update_user_items
-----03-06-2018 @ 16:35:17 ------
schedule_update_user_items
-----03-06-2018 @ 16:45:13 ------
schedule_update_user_items
-----03-06-2018 @ 16:55:26 ------
schedule_update_user_items
-----03-06-2018 @ 17:05:56 ------
schedule_update_user_items
-----03-06-2018 @ 18:09:41 ------
schedule_update_user_items
-----03-06-2018 @ 18:15:41 ------
schedule_update_user_items
-----03-06-2018 @ 18:48:14 ------
schedule_update_user_items
-----03-06-2018 @ 18:55:13 ------
schedule_update_user_items
-----03-07-2018 @ 14:35:01 ------
schedule_update_user_items
-----03-07-2018 @ 14:35:20 ------
schedule_update_user_items
-----03-07-2018 @ 14:47:36 ------
schedule_update_user_items
-----03-07-2018 @ 15:22:36 ------
schedule_update_user_items
-----03-07-2018 @ 16:29:09 ------
schedule_update_user_items
-----03-07-2018 @ 19:32:21 ------
schedule_update_user_items
-----03-07-2018 @ 19:40:34 ------
schedule_update_user_items
-----03-07-2018 @ 19:48:15 ------
schedule_update_user_items
-----03-07-2018 @ 20:59:01 ------
schedule_update_user_items
-----03-08-2018 @ 15:37:38 ------
schedule_update_user_items
-----03-09-2018 @ 19:49:02 ------
schedule_update_user_items
-----03-09-2018 @ 19:55:24 ------
schedule_update_user_items
-----03-09-2018 @ 20:06:10 ------
schedule_update_user_items
-----03-09-2018 @ 20:16:11 ------
schedule_update_user_items
-----03-09-2018 @ 20:26:11 ------
schedule_update_user_items
-----03-09-2018 @ 20:36:11 ------
schedule_update_user_items
-----03-09-2018 @ 20:46:11 ------
schedule_update_user_items
-----03-09-2018 @ 20:56:10 ------
schedule_update_user_items
-----03-09-2018 @ 21:06:11 ------
schedule_update_user_items
-----03-09-2018 @ 21:16:11 ------
schedule_update_user_items
-----03-09-2018 @ 21:26:11 ------
schedule_update_user_items
-----03-09-2018 @ 21:36:11 ------
schedule_update_user_items
-----03-09-2018 @ 21:46:11 ------
schedule_update_user_items
-----03-09-2018 @ 21:56:11 ------
schedule_update_user_items
-----03-12-2018 @ 15:35:45 ------
schedule_update_user_items
-----03-12-2018 @ 19:59:28 ------
schedule_update_user_items
-----03-12-2018 @ 20:15:10 ------
schedule_update_user_items
-----03-14-2018 @ 14:43:01 ------
schedule_update_user_items
-----03-14-2018 @ 14:43:06 ------
schedule_cleanup_temp_users
-----03-14-2018 @ 14:45:13 ------
schedule_update_user_items
-----03-14-2018 @ 15:49:05 ------
schedule_update_user_items
-----03-14-2018 @ 16:00:37 ------
schedule_update_user_items
-----03-14-2018 @ 16:13:44 ------
schedule_update_user_items
-----03-14-2018 @ 16:17:19 ------
schedule_update_user_items
-----03-14-2018 @ 18:46:52 ------
schedule_update_user_items
-----03-14-2018 @ 18:55:36 ------
schedule_update_user_items
-----03-14-2018 @ 19:12:29 ------
schedule_update_user_items
-----03-14-2018 @ 19:17:48 ------
schedule_update_user_items
-----03-15-2018 @ 15:29:56 ------
schedule_update_user_items
-----03-15-2018 @ 15:36:03 ------
schedule_update_user_items
-----03-15-2018 @ 15:52:14 ------
schedule_update_user_items
-----03-15-2018 @ 15:55:56 ------
schedule_update_user_items
-----03-15-2018 @ 16:05:48 ------
schedule_update_user_items
-----03-15-2018 @ 16:15:16 ------
schedule_update_user_items
-----03-15-2018 @ 16:25:13 ------
schedule_update_user_items
-----03-15-2018 @ 16:37:53 ------
schedule_update_user_items
-----03-15-2018 @ 16:53:34 ------
schedule_update_user_items
-----03-15-2018 @ 16:56:28 ------
schedule_update_user_items
-----03-15-2018 @ 17:05:30 ------
schedule_update_user_items
-----03-15-2018 @ 19:43:20 ------
schedule_update_user_items
-----03-15-2018 @ 19:45:43 ------
schedule_update_user_items
-----03-15-2018 @ 23:18:12 ------
schedule_update_user_items
-----03-16-2018 @ 17:32:39 ------
schedule_update_user_items
-----03-20-2018 @ 21:29:12 ------
schedule_update_user_items
-----03-20-2018 @ 21:29:15 ------
schedule_cleanup_temp_users
-----03-23-2018 @ 15:48:29 ------
schedule_update_user_items
-----03-28-2018 @ 14:03:07 ------
schedule_update_user_items
-----03-28-2018 @ 14:03:11 ------
schedule_cleanup_temp_users
-----03-28-2018 @ 14:23:41 ------
schedule_update_user_items
-----03-28-2018 @ 14:26:08 ------
schedule_update_user_items
-----03-28-2018 @ 14:35:21 ------
schedule_update_user_items
-----03-28-2018 @ 14:54:24 ------
schedule_update_user_items
-----03-28-2018 @ 14:55:14 ------
schedule_update_user_items
-----03-28-2018 @ 15:38:56 ------
schedule_update_user_items
-----03-28-2018 @ 16:02:57 ------
schedule_update_user_items
-----03-28-2018 @ 16:21:22 ------
schedule_update_user_items
-----03-28-2018 @ 16:36:39 ------
schedule_update_user_items
-----03-28-2018 @ 17:37:24 ------
schedule_update_user_items
-----03-28-2018 @ 20:37:00 ------
schedule_update_user_items
-----04-03-2018 @ 14:46:32 ------
schedule_update_user_items
-----04-03-2018 @ 14:46:36 ------
schedule_cleanup_temp_users
-----04-03-2018 @ 15:19:53 ------
schedule_update_user_items
-----04-04-2018 @ 14:54:02 ------
schedule_update_user_items
-----04-04-2018 @ 16:29:40 ------
schedule_update_user_items
-----05-11-2018 @ 20:25:15 ------
schedule_update_user_items
-----05-11-2018 @ 20:35:16 ------
schedule_update_user_items
-----05-11-2018 @ 20:45:12 ------
schedule_update_user_items
-----05-11-2018 @ 20:55:59 ------
schedule_update_user_items
-----05-11-2018 @ 21:05:20 ------
schedule_update_user_items
-----05-11-2018 @ 21:15:12 ------
schedule_update_user_items
